  [1m[35m (0.0ms)[0m  [1m[34mSELECT sqlite_version(*)[0m
  [1m[35m (20.0ms)[0m  [1m[35mCREATE TABLE "schema_migrations" ("version" varchar NOT NULL PRIMARY KEY)[0m
  [1m[35m (4.0ms)[0m  [1m[35mCREATE TABLE "ar_internal_metadata" ("key" varchar NOT NULL PRIMARY KEY, "value" varchar, "created_at" datetime NOT NULL, "updated_at" datetime NOT NULL)[0m
  [1m[35m (1.0ms)[0m  [1m[34mSELECT "schema_migrations"."version" FROM "schema_migrations" ORDER BY "schema_migrations"."version" ASC[0m
Migrating to CreateProducts (20170603084751)
  [1m[35m (1.0ms)[0m  [1m[36mbegin transaction[0m
  [1m[35m (0.0ms)[0m  [1m[35mCREATE TABLE "products" ("id" INTEGER PRIMARY KEY AUTOINCREMENT NOT NULL, "product_name" varchar, "category" varchar, "unit_price" float, "selling_price" float, "vat" float, "date" date, "quantity" integer, "created_at" datetime NOT NULL, "updated_at" datetime NOT NULL)[0m
  [1m[35mSQL (18.0ms)[0m  [1m[32mINSERT INTO "schema_migrations" ("version") VALUES (?)[0m  [["version", "20170603084751"]]
  [1m[35m (3.0ms)[0m  [1m[36mcommit transaction[0m
  [1m[36mActiveRecord::InternalMetadata Load (0.0ms)[0m  [1m[34mSELECT  "ar_internal_metadata".* FROM "ar_internal_metadata" WHERE "ar_internal_metadata"."key" = ? LIMIT ?[0m  [["key", "environment"], ["LIMIT", 1]]
  [1m[35m (0.0ms)[0m  [1m[36mbegin transaction[0m
  [1m[35mSQL (1.0ms)[0m  [1m[32mINSERT INTO "ar_internal_metadata" ("key", "value", "created_at", "updated_at") VALUES (?, ?, ?, ?)[0m  [["key", "environment"], ["value", "development"], ["created_at", "2017-06-03 08:50:33.391102"], ["updated_at", "2017-06-03 08:50:33.391102"]]
  [1m[35m (2.0ms)[0m  [1m[36mcommit transaction[0m
  [1m[35m (0.0ms)[0m  [1m[34mSELECT "schema_migrations"."version" FROM "schema_migrations" ORDER BY "schema_migrations"."version" ASC[0m
Started GET "/" for 127.0.0.1 at 2017-06-03 14:52:46 +0600
  [1m[35m (0.0ms)[0m  [1m[34mSELECT "schema_migrations"."version" FROM "schema_migrations" ORDER BY "schema_migrations"."version" ASC[0m
Processing by Rails::WelcomeController#index as HTML
  Rendering C:/RailsInstaller/Ruby2.2.0/lib/ruby/gems/2.2.0/gems/railties-5.1.1/lib/rails/templates/rails/welcome/index.html.erb
  Rendered C:/RailsInstaller/Ruby2.2.0/lib/ruby/gems/2.2.0/gems/railties-5.1.1/lib/rails/templates/rails/welcome/index.html.erb (15.0ms)
Completed 200 OK in 145ms (Views: 75.7ms | ActiveRecord: 0.0ms)


Started GET "/" for 127.0.0.1 at 2017-06-03 14:52:54 +0600
Processing by Rails::WelcomeController#index as HTML
  Rendering C:/RailsInstaller/Ruby2.2.0/lib/ruby/gems/2.2.0/gems/railties-5.1.1/lib/rails/templates/rails/welcome/index.html.erb
  Rendered C:/RailsInstaller/Ruby2.2.0/lib/ruby/gems/2.2.0/gems/railties-5.1.1/lib/rails/templates/rails/welcome/index.html.erb (3.0ms)
Completed 200 OK in 44ms (Views: 22.7ms | ActiveRecord: 0.0ms)


Started GET "/products" for 127.0.0.1 at 2017-06-03 14:53:08 +0600
Processing by ProductsController#index as HTML
  Rendering products/index.html.erb within layouts/application
  [1m[36mProduct Load (0.0ms)[0m  [1m[34mSELECT "products".* FROM "products"[0m
  Rendered products/index.html.erb within layouts/application (7.0ms)
Completed 500 Internal Server Error in 1014ms (ActiveRecord: 2.0ms)


  
ActionView::Template::Error (TypeError: Object doesn't support this property or method):
    4:     <title>Pro</title>
    5:     <%= csrf_meta_tags %>
    6: 
    7:     <%= stylesheet_link_tag    'application', media: 'all', 'data-turbolinks-track': 'reload' %>
    8:     <%= javascript_include_tag 'application', 'data-turbolinks-track': 'reload' %>
    9:   </head>
   10: 
  
app/views/layouts/application.html.erb:7:in `_app_views_layouts_application_html_erb__395934038_45810480'
Started GET "/products" for 127.0.0.1 at 2017-06-03 14:54:00 +0600
Processing by ProductsController#index as HTML
  Rendering products/index.html.erb within layouts/application
  [1m[36mProduct Load (0.0ms)[0m  [1m[34mSELECT "products".* FROM "products"[0m
  Rendered products/index.html.erb within layouts/application (2.0ms)
Completed 200 OK in 56ms (Views: 40.6ms | ActiveRecord: 0.0ms)


Started GET "/products/new" for 127.0.0.1 at 2017-06-03 14:54:20 +0600
Processing by ProductsController#new as HTML
  Rendering products/new.html.erb within layouts/application
  Rendered products/_form.html.erb (147.0ms) [cache miss]
  Rendered products/new.html.erb within layouts/application (159.0ms)
Completed 200 OK in 223ms (Views: 198.3ms | ActiveRecord: 1.0ms)


Started POST "/products" for 127.0.0.1 at 2017-06-03 14:55:32 +0600
Processing by ProductsController#create as HTML
  Parameters: {"utf8"=>"✓", "authenticity_token"=>"PH7cZ5sTA/LV+mpXhM7gMaI5o+V8hA9rNjuzsJdS+WGHG+I0l6U4iFgEGyjeXtZ541YiSBAPbxZNmgczmw4x/g==", "product"=>{"product_name"=>"moov", "category"=>"medicine", "unit_price"=>"39.00", "selling_price"=>"4.00", "vat"=>"2.00", "date(1i)"=>"2017", "date(2i)"=>"6", "date(3i)"=>"3", "quantity"=>"2"}, "commit"=>"Create Product"}
  [1m[35m (0.0ms)[0m  [1m[36mbegin transaction[0m
  [1m[35mSQL (1.0ms)[0m  [1m[32mINSERT INTO "products" ("product_name", "category", "unit_price", "selling_price", "vat", "date", "quantity", "created_at", "updated_at") VALUES (?, ?, ?, ?, ?, ?, ?, ?, ?)[0m  [["product_name", "moov"], ["category", "medicine"], ["unit_price", 39.0], ["selling_price", 4.0], ["vat", 2.0], ["date", "2017-06-03"], ["quantity", 2], ["created_at", "2017-06-03 08:55:32.980237"], ["updated_at", "2017-06-03 08:55:32.980237"]]
  [1m[35m (3.0ms)[0m  [1m[36mcommit transaction[0m
Redirected to http://localhost:3000/products/1
Completed 302 Found in 8ms (ActiveRecord: 4.0ms)


Started GET "/products/1" for 127.0.0.1 at 2017-06-03 14:55:32 +0600
Processing by ProductsController#show as HTML
  Parameters: {"id"=>"1"}
  [1m[36mProduct Load (0.0ms)[0m  [1m[34mSELECT  "products".* FROM "products" WHERE "products"."id" = ? LIMIT ?[0m  [["id", 1], ["LIMIT", 1]]
  Rendering products/show.html.erb within layouts/application
  Rendered products/show.html.erb within layouts/application (13.0ms)
Completed 200 OK in 93ms (Views: 50.8ms | ActiveRecord: 0.0ms)


Started GET "/products" for 127.0.0.1 at 2017-06-03 14:56:07 +0600
Processing by ProductsController#index as HTML
  Rendering products/index.html.erb within layouts/application
  [1m[36mProduct Load (0.0ms)[0m  [1m[34mSELECT "products".* FROM "products"[0m
  Rendered products/index.html.erb within layouts/application (2.0ms)
Completed 200 OK in 56ms (Views: 39.8ms | ActiveRecord: 0.0ms)


Started GET "/products/1/edit" for 127.0.0.1 at 2017-06-03 14:56:15 +0600
Processing by ProductsController#edit as HTML
  Parameters: {"id"=>"1"}
  [1m[36mProduct Load (0.0ms)[0m  [1m[34mSELECT  "products".* FROM "products" WHERE "products"."id" = ? LIMIT ?[0m  [["id", 1], ["LIMIT", 1]]
  Rendering products/edit.html.erb within layouts/application
  Rendered products/_form.html.erb (5.0ms) [cache miss]
  Rendered products/edit.html.erb within layouts/application (19.0ms)
Completed 200 OK in 71ms (Views: 56.7ms | ActiveRecord: 0.0ms)


Started GET "/products" for 127.0.0.1 at 2017-06-03 14:56:20 +0600
Processing by ProductsController#index as HTML
  Rendering products/index.html.erb within layouts/application
  [1m[36mProduct Load (0.0ms)[0m  [1m[34mSELECT "products".* FROM "products"[0m
  Rendered products/index.html.erb within layouts/application (2.0ms)
Completed 200 OK in 58ms (Views: 40.0ms | ActiveRecord: 0.0ms)


Started GET "/products/1" for 127.0.0.1 at 2017-06-03 14:56:23 +0600
Processing by ProductsController#show as HTML
  Parameters: {"id"=>"1"}
  [1m[36mProduct Load (0.0ms)[0m  [1m[34mSELECT  "products".* FROM "products" WHERE "products"."id" = ? LIMIT ?[0m  [["id", 1], ["LIMIT", 1]]
  Rendering products/show.html.erb within layouts/application
  Rendered products/show.html.erb within layouts/application (1.0ms)
Completed 200 OK in 54ms (Views: 40.5ms | ActiveRecord: 0.0ms)


Started GET "/products" for 127.0.0.1 at 2017-06-03 14:56:25 +0600
Processing by ProductsController#index as HTML
  Rendering products/index.html.erb within layouts/application
  [1m[36mProduct Load (0.0ms)[0m  [1m[34mSELECT "products".* FROM "products"[0m
  Rendered products/index.html.erb within layouts/application (2.0ms)
Completed 200 OK in 55ms (Views: 38.8ms | ActiveRecord: 0.0ms)


Started GET "/products/1" for 127.0.0.1 at 2017-06-03 14:56:27 +0600
Processing by ProductsController#show as HTML
  Parameters: {"id"=>"1"}
  [1m[36mProduct Load (1.0ms)[0m  [1m[34mSELECT  "products".* FROM "products" WHERE "products"."id" = ? LIMIT ?[0m  [["id", 1], ["LIMIT", 1]]
  Rendering products/show.html.erb within layouts/application
  Rendered products/show.html.erb within layouts/application (1.0ms)
Completed 200 OK in 59ms (Views: 39.7ms | ActiveRecord: 1.0ms)


Started GET "/products" for 127.0.0.1 at 2017-06-03 14:56:29 +0600
Processing by ProductsController#index as HTML
  Rendering products/index.html.erb within layouts/application
  [1m[36mProduct Load (0.0ms)[0m  [1m[34mSELECT "products".* FROM "products"[0m
  Rendered products/index.html.erb within layouts/application (2.0ms)
Completed 200 OK in 55ms (Views: 42.0ms | ActiveRecord: 0.0ms)


Started GET "/products/new" for 127.0.0.1 at 2017-06-03 14:56:32 +0600
Processing by ProductsController#new as HTML
  Rendering products/new.html.erb within layouts/application
  Rendered products/_form.html.erb (4.0ms) [cache miss]
  Rendered products/new.html.erb within layouts/application (18.0ms)
Completed 200 OK in 76ms (Views: 57.7ms | ActiveRecord: 0.0ms)


Started POST "/products" for 127.0.0.1 at 2017-06-03 14:57:26 +0600
Processing by ProductsController#create as HTML
  Parameters: {"utf8"=>"✓", "authenticity_token"=>"lqvFUrGJlOzxdSKftuvyoqJcozjVDs65N+5XzBMuIbstzvsBvT+vlnyLU+Dse8Tq4zMilbmFrsRMT+NPH3LpJA==", "product"=>{"product_name"=>"sunsilk", "category"=>"shampoo", "unit_price"=>"145", "selling_price"=>"150", "vat"=>"155", "date(1i)"=>"2017", "date(2i)"=>"6", "date(3i)"=>"3", "quantity"=>"3"}, "commit"=>"Create Product"}
  [1m[35m (0.0ms)[0m  [1m[36mbegin transaction[0m
  [1m[35mSQL (1.0ms)[0m  [1m[32mINSERT INTO "products" ("product_name", "category", "unit_price", "selling_price", "vat", "date", "quantity", "created_at", "updated_at") VALUES (?, ?, ?, ?, ?, ?, ?, ?, ?)[0m  [["product_name", "sunsilk"], ["category", "shampoo"], ["unit_price", 145.0], ["selling_price", 150.0], ["vat", 155.0], ["date", "2017-06-03"], ["quantity", 3], ["created_at", "2017-06-03 08:57:26.338721"], ["updated_at", "2017-06-03 08:57:26.338721"]]
  [1m[35m (3.0ms)[0m  [1m[36mcommit transaction[0m
Redirected to http://localhost:3000/products/2
Completed 302 Found in 9ms (ActiveRecord: 4.0ms)


Started GET "/products/2" for 127.0.0.1 at 2017-06-03 14:57:26 +0600
Processing by ProductsController#show as HTML
  Parameters: {"id"=>"2"}
  [1m[36mProduct Load (0.0ms)[0m  [1m[34mSELECT  "products".* FROM "products" WHERE "products"."id" = ? LIMIT ?[0m  [["id", 2], ["LIMIT", 1]]
  Rendering products/show.html.erb within layouts/application
  Rendered products/show.html.erb within layouts/application (1.0ms)
Completed 200 OK in 54ms (Views: 39.2ms | ActiveRecord: 0.0ms)


Started GET "/products" for 127.0.0.1 at 2017-06-03 14:57:29 +0600
Processing by ProductsController#index as HTML
  Rendering products/index.html.erb within layouts/application
  [1m[36mProduct Load (0.0ms)[0m  [1m[34mSELECT "products".* FROM "products"[0m
  Rendered products/index.html.erb within layouts/application (2.0ms)
Completed 200 OK in 57ms (Views: 41.2ms | ActiveRecord: 0.0ms)


Started GET "/products/1" for 127.0.0.1 at 2017-06-03 15:04:25 +0600
Processing by ProductsController#show as HTML
  Parameters: {"id"=>"1"}
  [1m[36mProduct Load (0.0ms)[0m  [1m[34mSELECT  "products".* FROM "products" WHERE "products"."id" = ? LIMIT ?[0m  [["id", 1], ["LIMIT", 1]]
  Rendering products/show.html.erb within layouts/application
  Rendered products/show.html.erb within layouts/application (1.0ms)
Completed 200 OK in 64ms (Views: 41.6ms | ActiveRecord: 0.0ms)


Started GET "/products/2" for 127.0.0.1 at 2017-06-03 15:04:31 +0600
Processing by ProductsController#show as HTML
  Parameters: {"id"=>"2"}
  [1m[36mProduct Load (0.0ms)[0m  [1m[34mSELECT  "products".* FROM "products" WHERE "products"."id" = ? LIMIT ?[0m  [["id", 2], ["LIMIT", 1]]
  Rendering products/show.html.erb within layouts/application
  Rendered products/show.html.erb within layouts/application (1.0ms)
Completed 200 OK in 51ms (Views: 36.9ms | ActiveRecord: 0.0ms)


Started GET "/products/1" for 127.0.0.1 at 2017-06-03 15:04:37 +0600
Processing by ProductsController#show as HTML
  Parameters: {"id"=>"1"}
  [1m[36mProduct Load (0.0ms)[0m  [1m[34mSELECT  "products".* FROM "products" WHERE "products"."id" = ? LIMIT ?[0m  [["id", 1], ["LIMIT", 1]]
  Rendering products/show.html.erb within layouts/application
  Rendered products/show.html.erb within layouts/application (1.0ms)
Completed 200 OK in 51ms (Views: 37.8ms | ActiveRecord: 0.0ms)


Started GET "/products/1/edit" for 127.0.0.1 at 2017-06-03 15:08:14 +0600
Processing by ProductsController#edit as HTML
  Parameters: {"id"=>"1"}
  [1m[36mProduct Load (0.0ms)[0m  [1m[34mSELECT  "products".* FROM "products" WHERE "products"."id" = ? LIMIT ?[0m  [["id", 1], ["LIMIT", 1]]
  Rendering products/edit.html.erb within layouts/application
  Rendered products/_form.html.erb (6.0ms) [cache miss]
  Rendered products/edit.html.erb within layouts/application (18.0ms)
Completed 200 OK in 88ms (Views: 59.7ms | ActiveRecord: 0.0ms)


Started GET "/products/new" for 127.0.0.1 at 2017-06-03 15:20:08 +0600
Processing by ProductsController#new as HTML
  Rendering products/new.html.erb within layouts/application
  Rendered products/_form.html.erb (6.0ms) [cache miss]
  Rendered products/new.html.erb within layouts/application (19.0ms)
Completed 200 OK in 80ms (Views: 57.9ms | ActiveRecord: 0.0ms)


  [1m[35m (0.0ms)[0m  [1m[34mSELECT "schema_migrations"."version" FROM "schema_migrations" ORDER BY "schema_migrations"."version" ASC[0m
Migrating to CreatePurchaseOrders (20170603094400)
  [1m[35m (0.0ms)[0m  [1m[36mbegin transaction[0m
  [1m[35m (0.0ms)[0m  [1m[34mSELECT sqlite_version(*)[0m
  [1m[35m (36.0ms)[0m  [1m[35mCREATE TABLE "purchase_orders" ("id" INTEGER PRIMARY KEY AUTOINCREMENT NOT NULL, "product_name" varchar, "product_type" varchar, "unit_price" float, "quantity" float, "supplier_name" varchar, "supplier_code" integer, "date" date, "location" varchar, "created_at" datetime NOT NULL, "updated_at" datetime NOT NULL)[0m
  [1m[35mSQL (0.0ms)[0m  [1m[32mINSERT INTO "schema_migrations" ("version") VALUES (?)[0m  [["version", "20170603094400"]]
  [1m[35m (3.0ms)[0m  [1m[36mcommit transaction[0m
  [1m[36mActiveRecord::InternalMetadata Load (1.0ms)[0m  [1m[34mSELECT  "ar_internal_metadata".* FROM "ar_internal_metadata" WHERE "ar_internal_metadata"."key" = ? LIMIT ?[0m  [["key", "environment"], ["LIMIT", 1]]
  [1m[35m (0.0ms)[0m  [1m[36mbegin transaction[0m
  [1m[35m (0.0ms)[0m  [1m[36mcommit transaction[0m
  [1m[35m (0.0ms)[0m  [1m[34mSELECT "schema_migrations"."version" FROM "schema_migrations" ORDER BY "schema_migrations"."version" ASC[0m
Started GET "/products" for 127.0.0.1 at 2017-06-03 15:46:28 +0600
  [1m[35m (0.0ms)[0m  [1m[34mSELECT "schema_migrations"."version" FROM "schema_migrations" ORDER BY "schema_migrations"."version" ASC[0m
Processing by ProductsController#index as HTML
  Rendering products/index.html.erb within layouts/application
  [1m[36mProduct Load (0.0ms)[0m  [1m[34mSELECT "products".* FROM "products"[0m
  Rendered products/index.html.erb within layouts/application (16.0ms)
Completed 200 OK in 73ms (Views: 57.1ms | ActiveRecord: 0.0ms)


Started GET "/purchase_orders" for 127.0.0.1 at 2017-06-03 15:48:30 +0600
Processing by PurchaseOrdersController#index as HTML
  Rendering purchase_orders/index.html.erb within layouts/application
  [1m[36mPurchaseOrder Load (0.0ms)[0m  [1m[34mSELECT "purchase_orders".* FROM "purchase_orders"[0m
  Rendered purchase_orders/index.html.erb within layouts/application (4.0ms)
Completed 200 OK in 65ms (Views: 42.5ms | ActiveRecord: 0.0ms)


Started GET "/purchase_orders/new" for 127.0.0.1 at 2017-06-03 15:48:37 +0600
Processing by PurchaseOrdersController#new as HTML
  Rendering purchase_orders/new.html.erb within layouts/application
  Rendered purchase_orders/_form.html.erb (7.0ms) [cache miss]
  Rendered purchase_orders/new.html.erb within layouts/application (19.0ms)
Completed 200 OK in 81ms (Views: 57.4ms | ActiveRecord: 0.0ms)


  [1m[35m (0.0ms)[0m  [1m[34mSELECT "schema_migrations"."version" FROM "schema_migrations" ORDER BY "schema_migrations"."version" ASC[0m
Migrating to CreatePayments (20170603100228)
  [1m[35m (0.0ms)[0m  [1m[36mbegin transaction[0m
  [1m[35m (0.0ms)[0m  [1m[34mSELECT sqlite_version(*)[0m
  [1m[35m (1.0ms)[0m  [1m[35mCREATE TABLE "payments" ("id" INTEGER PRIMARY KEY AUTOINCREMENT NOT NULL, "supplier_name" varchar, "supplier_code" integer, "date" date, "location" varchar, "Total_payment" float, "created_at" datetime NOT NULL, "updated_at" datetime NOT NULL)[0m
  [1m[35mSQL (0.0ms)[0m  [1m[32mINSERT INTO "schema_migrations" ("version") VALUES (?)[0m  [["version", "20170603100228"]]
  [1m[35m (4.0ms)[0m  [1m[36mcommit transaction[0m
  [1m[36mActiveRecord::InternalMetadata Load (0.0ms)[0m  [1m[34mSELECT  "ar_internal_metadata".* FROM "ar_internal_metadata" WHERE "ar_internal_metadata"."key" = ? LIMIT ?[0m  [["key", "environment"], ["LIMIT", 1]]
  [1m[35m (0.0ms)[0m  [1m[36mbegin transaction[0m
  [1m[35m (0.0ms)[0m  [1m[36mcommit transaction[0m
  [1m[35m (0.0ms)[0m  [1m[34mSELECT "schema_migrations"."version" FROM "schema_migrations" ORDER BY "schema_migrations"."version" ASC[0m
Started GET "/payments" for 127.0.0.1 at 2017-06-03 16:04:32 +0600
  [1m[35m (0.0ms)[0m  [1m[34mSELECT "schema_migrations"."version" FROM "schema_migrations" ORDER BY "schema_migrations"."version" ASC[0m
Processing by PaymentsController#index as HTML
  Rendering payments/index.html.erb within layouts/application
  [1m[36mPayment Load (1.0ms)[0m  [1m[34mSELECT "payments".* FROM "payments"[0m
  Rendered payments/index.html.erb within layouts/application (5.0ms)
Completed 200 OK in 79ms (Views: 55.9ms | ActiveRecord: 2.0ms)


Started GET "/payments/new" for 127.0.0.1 at 2017-06-03 16:04:37 +0600
Processing by PaymentsController#new as HTML
  Rendering payments/new.html.erb within layouts/application
  Rendered payments/_form.html.erb (6.0ms) [cache miss]
  Rendered payments/new.html.erb within layouts/application (22.0ms)
Completed 200 OK in 101ms (Views: 68.4ms | ActiveRecord: 0.0ms)


Started GET "/payments" for 127.0.0.1 at 2017-06-03 16:26:36 +0600
Processing by PaymentsController#index as HTML
  Rendering payments/index.html.erb within layouts/application
  [1m[36mPayment Load (0.0ms)[0m  [1m[34mSELECT "payments".* FROM "payments"[0m
  Rendered payments/index.html.erb within layouts/application (2.0ms)
Completed 200 OK in 60ms (Views: 40.3ms | ActiveRecord: 0.0ms)


Started GET "/payments" for 127.0.0.1 at 2017-06-03 16:30:50 +0600
Processing by PaymentsController#index as HTML
  Rendering payments/index.html.erb within layouts/application
  [1m[36mPayment Load (0.0ms)[0m  [1m[34mSELECT "payments".* FROM "payments"[0m
  Rendered payments/index.html.erb within layouts/application (2.0ms)
Completed 200 OK in 68ms (Views: 48.4ms | ActiveRecord: 0.0ms)


  
ActionController::RoutingError (No route matches [GET] "/assets/Ims.PNG"):
  
actionpack (5.1.1) lib/action_dispatch/middleware/debug_exceptions.rb:63:in `call'
web-console (3.5.1) lib/web_console/middleware.rb:135:in `call_app'
web-console (3.5.1) lib/web_console/middleware.rb:28:in `block in call'
web-console (3.5.1) lib/web_console/middleware.rb:18:in `catch'
web-console (3.5.1) lib/web_console/middleware.rb:18:in `call'
actionpack (5.1.1) lib/action_dispatch/middleware/show_exceptions.rb:31:in `call'
railties (5.1.1) lib/rails/rack/logger.rb:36:in `call_app'
railties (5.1.1) lib/rails/rack/logger.rb:24:in `block in call'
activesupport (5.1.1) lib/active_support/tagged_logging.rb:69:in `block in tagged'
activesupport (5.1.1) lib/active_support/tagged_logging.rb:26:in `tagged'
activesupport (5.1.1) lib/active_support/tagged_logging.rb:69:in `tagged'
railties (5.1.1) lib/rails/rack/logger.rb:24:in `call'
sprockets-rails (3.2.0) lib/sprockets/rails/quiet_assets.rb:11:in `block in call'
activesupport (5.1.1) lib/active_support/logger_silence.rb:20:in `silence'
activesupport (5.1.1) lib/active_support/logger.rb:63:in `block (3 levels) in broadcast'
activesupport (5.1.1) lib/active_support/logger_silence.rb:20:in `silence'
activesupport (5.1.1) lib/active_support/logger.rb:61:in `block (2 levels) in broadcast'
sprockets-rails (3.2.0) lib/sprockets/rails/quiet_assets.rb:11:in `call'
actionpack (5.1.1) lib/action_dispatch/middleware/remote_ip.rb:79:in `call'
actionpack (5.1.1) lib/action_dispatch/middleware/request_id.rb:25:in `call'
rack (2.0.3) lib/rack/method_override.rb:22:in `call'
rack (2.0.3) lib/rack/runtime.rb:22:in `call'
activesupport (5.1.1) lib/active_support/cache/strategy/local_cache_middleware.rb:27:in `call'
actionpack (5.1.1) lib/action_dispatch/middleware/executor.rb:12:in `call'
actionpack (5.1.1) lib/action_dispatch/middleware/static.rb:125:in `call'
rack (2.0.3) lib/rack/sendfile.rb:111:in `call'
railties (5.1.1) lib/rails/engine.rb:522:in `call'
puma (3.9.0) lib/puma/configuration.rb:224:in `call'
puma (3.9.0) lib/puma/server.rb:602:in `handle_request'
puma (3.9.0) lib/puma/server.rb:435:in `process_client'
puma (3.9.0) lib/puma/server.rb:299:in `block in run'
puma (3.9.0) lib/puma/thread_pool.rb:120:in `call'
puma (3.9.0) lib/puma/thread_pool.rb:120:in `block in spawn_thread'
Started GET "/payments" for 127.0.0.1 at 2017-06-03 16:32:16 +0600
Processing by PaymentsController#index as HTML
  Rendering payments/index.html.erb within layouts/application
  [1m[36mPayment Load (0.0ms)[0m  [1m[34mSELECT "payments".* FROM "payments"[0m
  Rendered payments/index.html.erb within layouts/application (2.0ms)
Completed 200 OK in 73ms (Views: 42.4ms | ActiveRecord: 0.0ms)


  
ActionController::RoutingError (No route matches [GET] "/assets/Ims.PNG"):
  
actionpack (5.1.1) lib/action_dispatch/middleware/debug_exceptions.rb:63:in `call'
web-console (3.5.1) lib/web_console/middleware.rb:135:in `call_app'
web-console (3.5.1) lib/web_console/middleware.rb:28:in `block in call'
web-console (3.5.1) lib/web_console/middleware.rb:18:in `catch'
web-console (3.5.1) lib/web_console/middleware.rb:18:in `call'
actionpack (5.1.1) lib/action_dispatch/middleware/show_exceptions.rb:31:in `call'
railties (5.1.1) lib/rails/rack/logger.rb:36:in `call_app'
railties (5.1.1) lib/rails/rack/logger.rb:24:in `block in call'
activesupport (5.1.1) lib/active_support/tagged_logging.rb:69:in `block in tagged'
activesupport (5.1.1) lib/active_support/tagged_logging.rb:26:in `tagged'
activesupport (5.1.1) lib/active_support/tagged_logging.rb:69:in `tagged'
railties (5.1.1) lib/rails/rack/logger.rb:24:in `call'
sprockets-rails (3.2.0) lib/sprockets/rails/quiet_assets.rb:11:in `block in call'
activesupport (5.1.1) lib/active_support/logger_silence.rb:20:in `silence'
activesupport (5.1.1) lib/active_support/logger.rb:63:in `block (3 levels) in broadcast'
activesupport (5.1.1) lib/active_support/logger_silence.rb:20:in `silence'
activesupport (5.1.1) lib/active_support/logger.rb:61:in `block (2 levels) in broadcast'
sprockets-rails (3.2.0) lib/sprockets/rails/quiet_assets.rb:11:in `call'
actionpack (5.1.1) lib/action_dispatch/middleware/remote_ip.rb:79:in `call'
actionpack (5.1.1) lib/action_dispatch/middleware/request_id.rb:25:in `call'
rack (2.0.3) lib/rack/method_override.rb:22:in `call'
rack (2.0.3) lib/rack/runtime.rb:22:in `call'
activesupport (5.1.1) lib/active_support/cache/strategy/local_cache_middleware.rb:27:in `call'
actionpack (5.1.1) lib/action_dispatch/middleware/executor.rb:12:in `call'
actionpack (5.1.1) lib/action_dispatch/middleware/static.rb:125:in `call'
rack (2.0.3) lib/rack/sendfile.rb:111:in `call'
railties (5.1.1) lib/rails/engine.rb:522:in `call'
puma (3.9.0) lib/puma/configuration.rb:224:in `call'
puma (3.9.0) lib/puma/server.rb:602:in `handle_request'
puma (3.9.0) lib/puma/server.rb:435:in `process_client'
puma (3.9.0) lib/puma/server.rb:299:in `block in run'
puma (3.9.0) lib/puma/thread_pool.rb:120:in `call'
puma (3.9.0) lib/puma/thread_pool.rb:120:in `block in spawn_thread'
Started GET "/payments" for 127.0.0.1 at 2017-06-03 16:39:22 +0600
Processing by PaymentsController#index as HTML
  Rendering payments/index.html.erb within layouts/application
  [1m[36mPayment Load (0.0ms)[0m  [1m[34mSELECT "payments".* FROM "payments"[0m
  Rendered payments/index.html.erb within layouts/application (2.0ms)
Completed 200 OK in 58ms (Views: 42.5ms | ActiveRecord: 0.0ms)


Started GET "/payments" for 127.0.0.1 at 2017-06-03 19:56:02 +0600
Processing by PaymentsController#index as HTML
  Rendering payments/index.html.erb within layouts/application
  [1m[36mPayment Load (1.0ms)[0m  [1m[34mSELECT "payments".* FROM "payments"[0m
  Rendered payments/index.html.erb within layouts/application (2.0ms)
Completed 200 OK in 61ms (Views: 39.1ms | ActiveRecord: 1.0ms)


Started GET "/payments" for 127.0.0.1 at 2017-06-03 19:56:53 +0600
Processing by PaymentsController#index as HTML
  Rendering payments/index.html.erb within layouts/application
  [1m[36mPayment Load (0.0ms)[0m  [1m[34mSELECT "payments".* FROM "payments"[0m
  Rendered payments/index.html.erb within layouts/application (2.0ms)
Completed 200 OK in 71ms (Views: 41.8ms | ActiveRecord: 0.0ms)


  
ActionController::RoutingError (No route matches [GET] "/assets/pic1.png%20pic2.png"):
  
actionpack (5.1.1) lib/action_dispatch/middleware/debug_exceptions.rb:63:in `call'
web-console (3.5.1) lib/web_console/middleware.rb:135:in `call_app'
web-console (3.5.1) lib/web_console/middleware.rb:28:in `block in call'
web-console (3.5.1) lib/web_console/middleware.rb:18:in `catch'
web-console (3.5.1) lib/web_console/middleware.rb:18:in `call'
actionpack (5.1.1) lib/action_dispatch/middleware/show_exceptions.rb:31:in `call'
railties (5.1.1) lib/rails/rack/logger.rb:36:in `call_app'
railties (5.1.1) lib/rails/rack/logger.rb:24:in `block in call'
activesupport (5.1.1) lib/active_support/tagged_logging.rb:69:in `block in tagged'
activesupport (5.1.1) lib/active_support/tagged_logging.rb:26:in `tagged'
activesupport (5.1.1) lib/active_support/tagged_logging.rb:69:in `tagged'
railties (5.1.1) lib/rails/rack/logger.rb:24:in `call'
sprockets-rails (3.2.0) lib/sprockets/rails/quiet_assets.rb:11:in `block in call'
activesupport (5.1.1) lib/active_support/logger_silence.rb:20:in `silence'
activesupport (5.1.1) lib/active_support/logger.rb:63:in `block (3 levels) in broadcast'
activesupport (5.1.1) lib/active_support/logger_silence.rb:20:in `silence'
activesupport (5.1.1) lib/active_support/logger.rb:61:in `block (2 levels) in broadcast'
sprockets-rails (3.2.0) lib/sprockets/rails/quiet_assets.rb:11:in `call'
actionpack (5.1.1) lib/action_dispatch/middleware/remote_ip.rb:79:in `call'
actionpack (5.1.1) lib/action_dispatch/middleware/request_id.rb:25:in `call'
rack (2.0.3) lib/rack/method_override.rb:22:in `call'
rack (2.0.3) lib/rack/runtime.rb:22:in `call'
activesupport (5.1.1) lib/active_support/cache/strategy/local_cache_middleware.rb:27:in `call'
actionpack (5.1.1) lib/action_dispatch/middleware/executor.rb:12:in `call'
actionpack (5.1.1) lib/action_dispatch/middleware/static.rb:125:in `call'
rack (2.0.3) lib/rack/sendfile.rb:111:in `call'
railties (5.1.1) lib/rails/engine.rb:522:in `call'
puma (3.9.0) lib/puma/configuration.rb:224:in `call'
puma (3.9.0) lib/puma/server.rb:602:in `handle_request'
puma (3.9.0) lib/puma/server.rb:435:in `process_client'
puma (3.9.0) lib/puma/server.rb:299:in `block in run'
puma (3.9.0) lib/puma/thread_pool.rb:120:in `call'
puma (3.9.0) lib/puma/thread_pool.rb:120:in `block in spawn_thread'
Started GET "/payments" for 127.0.0.1 at 2017-06-03 20:00:06 +0600
Processing by PaymentsController#index as HTML
  Rendering payments/index.html.erb within layouts/application
  [1m[36mPayment Load (0.0ms)[0m  [1m[34mSELECT "payments".* FROM "payments"[0m
  Rendered payments/index.html.erb within layouts/application (2.0ms)
Completed 200 OK in 61ms (Views: 41.5ms | ActiveRecord: 0.0ms)


Started GET "/payments" for 127.0.0.1 at 2017-06-03 20:12:43 +0600
Processing by PaymentsController#index as HTML
  Rendering payments/index.html.erb within layouts/application
  [1m[36mPayment Load (1.0ms)[0m  [1m[34mSELECT "payments".* FROM "payments"[0m
  Rendered payments/index.html.erb within layouts/application (22.0ms)
Completed 200 OK in 139ms (Views: 96.9ms | ActiveRecord: 1.0ms)


Started GET "/payments" for 127.0.0.1 at 2017-06-03 20:13:46 +0600
Processing by PaymentsController#index as HTML
  Rendering payments/index.html.erb within layouts/application
  [1m[36mPayment Load (0.0ms)[0m  [1m[34mSELECT "payments".* FROM "payments"[0m
  Rendered payments/index.html.erb within layouts/application (2.0ms)
Completed 200 OK in 64ms (Views: 51.2ms | ActiveRecord: 0.0ms)


Started GET "/products" for 127.0.0.1 at 2017-06-03 20:17:07 +0600
Processing by ProductsController#index as HTML
  Rendering products/index.html.erb within layouts/application
  [1m[36mProduct Load (0.0ms)[0m  [1m[34mSELECT "products".* FROM "products"[0m
  Rendered products/index.html.erb within layouts/application (543.0ms)
Completed 200 OK in 978ms (Views: 644.6ms | ActiveRecord: 16.0ms)


Started GET "/products" for 127.0.0.1 at 2017-06-03 20:21:00 +0600
Processing by ProductsController#index as HTML
  Rendering products/index.html.erb within layouts/application
  [1m[36mProduct Load (1.0ms)[0m  [1m[34mSELECT "products".* FROM "products"[0m
  Rendered products/index.html.erb within layouts/application (28.0ms)
Completed 200 OK in 170ms (Views: 129.2ms | ActiveRecord: 1.0ms)


Started GET "/products" for 127.0.0.1 at 2017-06-03 20:23:22 +0600
Processing by ProductsController#index as HTML
  Rendering products/index.html.erb within layouts/application
  [1m[36mProduct Load (1.0ms)[0m  [1m[34mSELECT "products".* FROM "products"[0m
  Rendered products/index.html.erb within layouts/application (3.0ms)
Completed 200 OK in 70ms (Views: 40.7ms | ActiveRecord: 1.0ms)


  
ActionController::RoutingError (No route matches [GET] "/assets/email.jpg"):
  
actionpack (5.1.1) lib/action_dispatch/middleware/debug_exceptions.rb:63:in `call'
web-console (3.5.1) lib/web_console/middleware.rb:135:in `call_app'
web-console (3.5.1) lib/web_console/middleware.rb:28:in `block in call'
web-console (3.5.1) lib/web_console/middleware.rb:18:in `catch'
web-console (3.5.1) lib/web_console/middleware.rb:18:in `call'
actionpack (5.1.1) lib/action_dispatch/middleware/show_exceptions.rb:31:in `call'
railties (5.1.1) lib/rails/rack/logger.rb:36:in `call_app'
railties (5.1.1) lib/rails/rack/logger.rb:24:in `block in call'
activesupport (5.1.1) lib/active_support/tagged_logging.rb:69:in `block in tagged'
activesupport (5.1.1) lib/active_support/tagged_logging.rb:26:in `tagged'
activesupport (5.1.1) lib/active_support/tagged_logging.rb:69:in `tagged'
railties (5.1.1) lib/rails/rack/logger.rb:24:in `call'
sprockets-rails (3.2.0) lib/sprockets/rails/quiet_assets.rb:11:in `block in call'
activesupport (5.1.1) lib/active_support/logger_silence.rb:20:in `silence'
activesupport (5.1.1) lib/active_support/logger.rb:63:in `block (3 levels) in broadcast'
activesupport (5.1.1) lib/active_support/logger_silence.rb:20:in `silence'
activesupport (5.1.1) lib/active_support/logger.rb:61:in `block (2 levels) in broadcast'
sprockets-rails (3.2.0) lib/sprockets/rails/quiet_assets.rb:11:in `call'
actionpack (5.1.1) lib/action_dispatch/middleware/remote_ip.rb:79:in `call'
actionpack (5.1.1) lib/action_dispatch/middleware/request_id.rb:25:in `call'
rack (2.0.3) lib/rack/method_override.rb:22:in `call'
rack (2.0.3) lib/rack/runtime.rb:22:in `call'
activesupport (5.1.1) lib/active_support/cache/strategy/local_cache_middleware.rb:27:in `call'
actionpack (5.1.1) lib/action_dispatch/middleware/executor.rb:12:in `call'
actionpack (5.1.1) lib/action_dispatch/middleware/static.rb:125:in `call'
rack (2.0.3) lib/rack/sendfile.rb:111:in `call'
railties (5.1.1) lib/rails/engine.rb:522:in `call'
puma (3.9.0) lib/puma/configuration.rb:224:in `call'
puma (3.9.0) lib/puma/server.rb:602:in `handle_request'
puma (3.9.0) lib/puma/server.rb:435:in `process_client'
puma (3.9.0) lib/puma/server.rb:299:in `block in run'
puma (3.9.0) lib/puma/thread_pool.rb:120:in `call'
puma (3.9.0) lib/puma/thread_pool.rb:120:in `block in spawn_thread'
Started GET "/products" for 127.0.0.1 at 2017-06-03 20:24:19 +0600
Processing by ProductsController#index as HTML
  Rendering products/index.html.erb within layouts/application
  [1m[36mProduct Load (0.0ms)[0m  [1m[34mSELECT "products".* FROM "products"[0m
  Rendered products/index.html.erb within layouts/application (2.0ms)
Completed 200 OK in 63ms (Views: 44.5ms | ActiveRecord: 0.0ms)


Started GET "/products" for 127.0.0.1 at 2017-06-03 21:22:36 +0600
Processing by ProductsController#index as HTML
  Rendering products/index.html.erb within layouts/application
  [1m[36mProduct Load (1.0ms)[0m  [1m[34mSELECT "products".* FROM "products"[0m
  Rendered products/index.html.erb within layouts/application (46.0ms)
Completed 200 OK in 123ms (Views: 89.8ms | ActiveRecord: 20.0ms)


Started GET "/" for 127.0.0.1 at 2017-06-03 21:22:47 +0600
Processing by HomeController#index as HTML
  Rendering home/index.html.erb within layouts/application
  Rendered home/index.html.erb within layouts/application (14.0ms)
Completed 200 OK in 67ms (Views: 53.5ms | ActiveRecord: 0.0ms)


Started GET "/" for 127.0.0.1 at 2017-06-03 21:22:50 +0600
Processing by HomeController#index as HTML
  Rendering home/index.html.erb within layouts/application
  Rendered home/index.html.erb within layouts/application (0.0ms)
Completed 200 OK in 54ms (Views: 41.0ms | ActiveRecord: 0.0ms)


Started GET "/" for 127.0.0.1 at 2017-06-03 21:22:51 +0600
Processing by HomeController#index as HTML
  Rendering home/index.html.erb within layouts/application
  Rendered home/index.html.erb within layouts/application (0.0ms)
Completed 200 OK in 61ms (Views: 41.0ms | ActiveRecord: 0.0ms)


Started GET "/" for 127.0.0.1 at 2017-06-03 21:22:52 +0600
Processing by HomeController#index as HTML
  Rendering home/index.html.erb within layouts/application
  Rendered home/index.html.erb within layouts/application (1.0ms)
Completed 200 OK in 51ms (Views: 38.2ms | ActiveRecord: 0.0ms)


Started GET "/" for 127.0.0.1 at 2017-06-03 21:22:53 +0600
Processing by HomeController#index as HTML
  Rendering home/index.html.erb within layouts/application
  Rendered home/index.html.erb within layouts/application (0.0ms)
Completed 200 OK in 58ms (Views: 41.0ms | ActiveRecord: 0.0ms)


Started GET "/" for 127.0.0.1 at 2017-06-03 21:22:53 +0600
Processing by HomeController#index as HTML
  Rendering home/index.html.erb within layouts/application
  Rendered home/index.html.erb within layouts/application (0.0ms)
Completed 200 OK in 54ms (Views: 40.2ms | ActiveRecord: 0.0ms)


Started GET "/" for 127.0.0.1 at 2017-06-03 21:22:55 +0600
Processing by HomeController#index as HTML
  Rendering home/index.html.erb within layouts/application
  Rendered home/index.html.erb within layouts/application (1.0ms)
Completed 200 OK in 66ms (Views: 46.3ms | ActiveRecord: 0.0ms)


Started GET "/" for 127.0.0.1 at 2017-06-03 21:30:57 +0600
Processing by HomeController#index as HTML
  Rendering home/index.html.erb within layouts/application
  Rendered home/index.html.erb within layouts/application (47.0ms)
Completed 200 OK in 113ms (Views: 93.2ms | ActiveRecord: 0.0ms)


Started GET "/" for 127.0.0.1 at 2017-06-03 21:32:24 +0600
Processing by HomeController#index as HTML
  Rendering home/index.html.erb within layouts/application
  Rendered home/index.html.erb within layouts/application (1.0ms)
Completed 200 OK in 98ms (Views: 83.1ms | ActiveRecord: 0.0ms)


Started GET "/" for 127.0.0.1 at 2017-06-03 21:35:41 +0600
Processing by HomeController#index as HTML
  Rendering home/index.html.erb within layouts/application
  Rendered home/index.html.erb within layouts/application (6.0ms)
Completed 200 OK in 113ms (Views: 48.7ms | ActiveRecord: 0.0ms)


Started GET "/" for 127.0.0.1 at 2017-06-03 21:37:10 +0600
Processing by HomeController#index as HTML
  Rendering home/index.html.erb within layouts/application
  Rendered home/index.html.erb within layouts/application (1.0ms)
Completed 200 OK in 71ms (Views: 51.8ms | ActiveRecord: 0.0ms)


Started GET "/" for 127.0.0.1 at 2017-06-03 21:37:14 +0600
Processing by HomeController#index as HTML
  Rendering home/index.html.erb within layouts/application
  Rendered home/index.html.erb within layouts/application (0.0ms)
Completed 200 OK in 67ms (Views: 44.0ms | ActiveRecord: 0.0ms)


Started GET "/" for 127.0.0.1 at 2017-06-03 21:49:44 +0600
Processing by HomeController#index as HTML
  Rendering home/index.html.erb within layouts/application
  Rendered home/index.html.erb within layouts/application (1.0ms)
Completed 200 OK in 121ms (Views: 106.6ms | ActiveRecord: 0.0ms)


Started GET "/" for 127.0.0.1 at 2017-06-03 21:54:12 +0600
Processing by HomeController#index as HTML
  Rendering home/index.html.erb within layouts/application
  Rendered home/index.html.erb within layouts/application (1.0ms)
Completed 200 OK in 180ms (Views: 166.9ms | ActiveRecord: 0.0ms)


